Using pre-set license
Built from '2020.3/staging' branch; Version is '2020.3.3f1 (76626098c1c4) revision 7758432'; Using compiler version '192528614'; Build Type 'Release'
OS: 'Windows 10 Home; OS build 19042.985; Version 2009; 64bit' Language: 'zh' Physical Memory: 12139 MB
BatchMode: 1, IsHumanControllingUs: 0, StartBugReporterOnCrash: 0, Is64bit: 1, IsPro: 0

 COMMAND LINE ARGUMENTS:
C:\Program Files\Unity\Hub\Editor\2020.3.3f1\Editor\Unity.exe
-adb2
-batchMode
-noUpm
-name
AssetImportWorker0
-projectPath
C:/test/0519
-logFile
Logs/AssetImportWorker0.log
-srvPort
60129
Successfully changed project path to: C:/test/0519
C:/test/0519
Using Asset Import Pipeline V2.
Refreshing native plugins compatible for Editor in 29.08 ms, found 0 plugins.
Preloading 0 native plugins for Editor in 0.00 ms.
Initialize engine version: 2020.3.3f1 (76626098c1c4)
[Subsystems] Discovering subsystems at path C:/Program Files/Unity/Hub/Editor/2020.3.3f1/Editor/Data/Resources/UnitySubsystems
[Subsystems] Discovering subsystems at path C:/test/0519/Assets
GfxDevice: creating device client; threaded=0
Direct3D:
    Version:  Direct3D 11.0 [level 11.1]
    Renderer: NVIDIA GeForce MX230 (ID=0x1d11)
    Vendor:   
    VRAM:     1984 MB
    Driver:   27.21.14.5763
Initialize mono
Mono path[0] = 'C:/Program Files/Unity/Hub/Editor/2020.3.3f1/Editor/Data/Managed'
Mono path[1] = 'C:/Program Files/Unity/Hub/Editor/2020.3.3f1/Editor/Data/MonoBleedingEdge/lib/mono/unityjit'
Mono config path = 'C:/Program Files/Unity/Hub/Editor/2020.3.3f1/Editor/Data/MonoBleedingEdge/etc'
Using monoOptions --debugger-agent=transport=dt_socket,embedding=1,server=y,suspend=n,address=127.0.0.1:56268
Begin MonoManager ReloadAssembly
Registering precompiled unity dll's ...
Register platform support module: C:/Program Files/Unity/Hub/Editor/2020.3.3f1/Editor/Data/PlaybackEngines/WindowsStandaloneSupport/UnityEditor.WindowsStandalone.Extensions.dll
Registered in 0.003068 seconds.
Native extension for WindowsStandalone target not found
Refreshing native plugins compatible for Editor in 25.38 ms, found 0 plugins.
Preloading 0 native plugins for Editor in 0.00 ms.
Invoked RoslynAnalysisRunner static constructor.
RoslynAnalysisRunner will not be running.
RoslynAnalysisRunner has terminated.
Mono: successfully reloaded assembly
- Completed reload, in  1.132 seconds
Platform modules already initialized, skipping
Registering precompiled user dll's ...
Registered in 0.002053 seconds.
Begin MonoManager ReloadAssembly
Native extension for WindowsStandalone target not found
Refreshing native plugins compatible for Editor in 0.28 ms, found 0 plugins.
Preloading 0 native plugins for Editor in 0.00 ms.
Invoked RoslynAnalysisRunner static constructor.
RoslynAnalysisRunner will not be running.
RoslynAnalysisRunner has terminated.
Mono: successfully reloaded assembly
- Completed reload, in  0.870 seconds
Platform modules already initialized, skipping
========================================================================
Worker process is ready to serve import requests
Launched and connected shader compiler UnityShaderCompiler.exe after 0.06 seconds
Refreshing native plugins compatible for Editor in 0.21 ms, found 0 plugins.
Preloading 0 native plugins for Editor in 0.00 ms.
Unloading 1132 Unused Serialized files (Serialized files now loaded: 0)
System memory in use before: 59.6 MB.
System memory in use after: 59.6 MB.

Unloading 10 unused Assets to reduce memory usage. Loaded Objects now: 1575.
Total: 2.166000 ms (FindLiveObjects: 0.359500 ms CreateObjectMapping: 0.181300 ms MarkObjects: 1.542100 ms  DeleteObjects: 0.081000 ms)

========================================================================
Received Import Request.
  path: Assets/Course Library/Fonts/Roboto_Condensed/RobotoCondensed-Bold.ttf
  artifactKey: Guid(a8f265cc471154fca8561fd61a959e0c) Importer(815301076,1909f56bfc062723c751e8b465ee728b)
Start importing Assets/Course Library/Fonts/Roboto_Condensed/RobotoCondensed-Bold.ttf using Guid(a8f265cc471154fca8561fd61a959e0c) Importer(815301076,1909f56bfc062723c751e8b465ee728b)  -> (artifact id: '149e9173972709e370ce04190a24a1f5') in 0.182433 seconds
  Import took 0.185460 seconds .

========================================================================
Received Import Request.
  Time since last request: 0.000367 seconds.
  path: Assets/Course Library/Fonts/Roboto_Condensed/RobotoCondensed-Light.ttf
  artifactKey: Guid(57df1ba1a70d248439bac89c8f1e35fe) Importer(815301076,1909f56bfc062723c751e8b465ee728b)
Start importing Assets/Course Library/Fonts/Roboto_Condensed/RobotoCondensed-Light.ttf using Guid(57df1ba1a70d248439bac89c8f1e35fe) Importer(815301076,1909f56bfc062723c751e8b465ee728b)  -> (artifact id: '048ac3f8bb97adfa536bc32b0f3f7916') in 0.033024 seconds
  Import took 0.035918 seconds .

========================================================================
Received Import Request.
  Time since last request: 0.000230 seconds.
  path: Assets/Course Library/Fonts/Roboto_Condensed/RobotoCondensed-Italic.ttf
  artifactKey: Guid(b82e4b5c85b0a4393aa73a4402059046) Importer(815301076,1909f56bfc062723c751e8b465ee728b)
Start importing Assets/Course Library/Fonts/Roboto_Condensed/RobotoCondensed-Italic.ttf using Guid(b82e4b5c85b0a4393aa73a4402059046) Importer(815301076,1909f56bfc062723c751e8b465ee728b)  -> (artifact id: '92c8d4687536971b1656655491d8a14f') in 0.015975 seconds
  Import took 0.018511 seconds .

========================================================================
Received Import Request.
  Time since last request: 0.000352 seconds.
  path: Assets/Course Library/Fonts/Roboto_Condensed/RobotoCondensed-Regular.ttf
  artifactKey: Guid(e2121349a490b4d31ac3da78eac2ad83) Importer(815301076,1909f56bfc062723c751e8b465ee728b)
Start importing Assets/Course Library/Fonts/Roboto_Condensed/RobotoCondensed-Regular.ttf using Guid(e2121349a490b4d31ac3da78eac2ad83) Importer(815301076,1909f56bfc062723c751e8b465ee728b)  -> (artifact id: '50d189b1a2baf21c1ac48a83249f14c4') in 0.016053 seconds
  Import took 0.018381 seconds .

========================================================================
Received Import Request.
  Time since last request: 0.000251 seconds.
  path: Assets/Course Library/Fonts/Oswald/Oswald-SemiBold.ttf
  artifactKey: Guid(03bf6e71d92a548e1b627146a08ecc0b) Importer(815301076,1909f56bfc062723c751e8b465ee728b)
Start importing Assets/Course Library/Fonts/Oswald/Oswald-SemiBold.ttf using Guid(03bf6e71d92a548e1b627146a08ecc0b) Importer(815301076,1909f56bfc062723c751e8b465ee728b)  -> (artifact id: '8c5fa3746db42c4313eab304acbd8f3a') in 0.016373 seconds
  Import took 0.019141 seconds .

========================================================================
Received Import Request.
  Time since last request: 0.000237 seconds.
  path: Assets/Course Library/Fonts/Roboto_Condensed/RobotoCondensed-BoldItalic.ttf
  artifactKey: Guid(1f95015840ec34a00bb2a9b6ac042a92) Importer(815301076,1909f56bfc062723c751e8b465ee728b)
Start importing Assets/Course Library/Fonts/Roboto_Condensed/RobotoCondensed-BoldItalic.ttf using Guid(1f95015840ec34a00bb2a9b6ac042a92) Importer(815301076,1909f56bfc062723c751e8b465ee728b)  -> (artifact id: 'cbfb3d2a7eece7ef5c834ecb53f0784f') in 0.018784 seconds
  Import took 0.021594 seconds .

========================================================================
Received Import Request.
  Time since last request: 0.000271 seconds.
  path: Assets/Course Library/Fonts/Roboto_Condensed/RobotoCondensed-LightItalic.ttf
  artifactKey: Guid(f4dd3cb20665b475e9f5912522f21d95) Importer(815301076,1909f56bfc062723c751e8b465ee728b)
Start importing Assets/Course Library/Fonts/Roboto_Condensed/RobotoCondensed-LightItalic.ttf using Guid(f4dd3cb20665b475e9f5912522f21d95) Importer(815301076,1909f56bfc062723c751e8b465ee728b)  -> (artifact id: 'edb6730e13ac16c1098af6a3f979483f') in 0.016393 seconds
  Import took 0.018985 seconds .

========================================================================
Received Import Request.
  Time since last request: 0.000251 seconds.
  path: Assets/Course Library/Fonts/Roboto_Condensed/RobotoCondensed-BoldItalic.ttf
  artifactKey: Guid(1f95015840ec34a00bb2a9b6ac042a92) Importer(815301076,1909f56bfc062723c751e8b465ee728b)
Start importing Assets/Course Library/Fonts/Roboto_Condensed/RobotoCondensed-BoldItalic.ttf using Guid(1f95015840ec34a00bb2a9b6ac042a92) Importer(815301076,1909f56bfc062723c751e8b465ee728b)  -> (artifact id: 'cbfb3d2a7eece7ef5c834ecb53f0784f') in 0.015619 seconds
  Import took 0.017682 seconds .

========================================================================
Received Import Request.
  Time since last request: 0.002373 seconds.
  path: Assets/Course Library/Fonts/Roboto_Condensed/RobotoCondensed-LightItalic.ttf
  artifactKey: Guid(f4dd3cb20665b475e9f5912522f21d95) Importer(815301076,1909f56bfc062723c751e8b465ee728b)
Start importing Assets/Course Library/Fonts/Roboto_Condensed/RobotoCondensed-LightItalic.ttf using Guid(f4dd3cb20665b475e9f5912522f21d95) Importer(815301076,1909f56bfc062723c751e8b465ee728b)  -> (artifact id: 'edb6730e13ac16c1098af6a3f979483f') in 0.014848 seconds
  Import took 0.017191 seconds .

========================================================================
Received Import Request.
  Time since last request: 5.594726 seconds.
  path: Assets/Course Library/Fonts/Oswald/Oswald-Medium.ttf
  artifactKey: Guid(bc490855d36714328a7cd9ee141134ed) Importer(815301076,1909f56bfc062723c751e8b465ee728b)
Start importing Assets/Course Library/Fonts/Oswald/Oswald-Medium.ttf using Guid(bc490855d36714328a7cd9ee141134ed) Importer(815301076,1909f56bfc062723c751e8b465ee728b)  -> (artifact id: '994ca4bd8cd38902c4019d1a1bb89e3f') in 0.023227 seconds
  Import took 0.025739 seconds .

========================================================================
Received Import Request.
  Time since last request: 0.000206 seconds.
  path: Assets/Course Library/Fonts/Oswald/Oswald-Regular.ttf
  artifactKey: Guid(4614df9ec815a45a08f109d32722f99f) Importer(815301076,1909f56bfc062723c751e8b465ee728b)
Start importing Assets/Course Library/Fonts/Oswald/Oswald-Regular.ttf using Guid(4614df9ec815a45a08f109d32722f99f) Importer(815301076,1909f56bfc062723c751e8b465ee728b)  -> (artifact id: 'a264071227582ad1029619aee80ea5e6') in 0.023321 seconds
  Import took 0.025631 seconds .

========================================================================
Received Import Request.
  Time since last request: 0.050362 seconds.
  path: Assets/Course Library/Fonts/Oswald/Oswald-ExtraLight.ttf
  artifactKey: Guid(7ee88c99700f34701aa468a219257cc6) Importer(815301076,1909f56bfc062723c751e8b465ee728b)
Start importing Assets/Course Library/Fonts/Oswald/Oswald-ExtraLight.ttf using Guid(7ee88c99700f34701aa468a219257cc6) Importer(815301076,1909f56bfc062723c751e8b465ee728b)  -> (artifact id: 'bd9160ce1ba292935aa52bf2fe89f469') in 0.015612 seconds
  Import took 0.018294 seconds .

========================================================================
Received Import Request.
  Time since last request: 0.000293 seconds.
  path: Assets/Course Library/Fonts/Oswald/Oswald-Light.ttf
  artifactKey: Guid(08117285b45064d9facc7101603b931e) Importer(815301076,1909f56bfc062723c751e8b465ee728b)
Start importing Assets/Course Library/Fonts/Oswald/Oswald-Light.ttf using Guid(08117285b45064d9facc7101603b931e) Importer(815301076,1909f56bfc062723c751e8b465ee728b)  -> (artifact id: '6fa8fa317e417db5318b87b869d4a7ff') in 0.015535 seconds
  Import took 0.017989 seconds .

========================================================================
Received Import Request.
  Time since last request: 525.448117 seconds.
  path: Assets/gmanager.cs
  artifactKey: Guid(2c39795e3f959f140bcabd1b36e5eeab) Importer(815301076,1909f56bfc062723c751e8b465ee728b)
Start importing Assets/gmanager.cs using Guid(2c39795e3f959f140bcabd1b36e5eeab) Importer(815301076,1909f56bfc062723c751e8b465ee728b)  -> (artifact id: 'e8d23a3e9452fb226e97546753a9b820') in 0.010424 seconds
  Import took 0.014503 seconds .

========================================================================
Received Import Request.
  Time since last request: 264.923175 seconds.
  path: Assets/gmanager.cs
  artifactKey: Guid(2c39795e3f959f140bcabd1b36e5eeab) Importer(815301076,1909f56bfc062723c751e8b465ee728b)
Start importing Assets/gmanager.cs using Guid(2c39795e3f959f140bcabd1b36e5eeab) Importer(815301076,1909f56bfc062723c751e8b465ee728b)  -> (artifact id: '02e1bc47db3a4483f6a19c5701feb187') in 0.016220 seconds
  Import took 0.019230 seconds .

========================================================================
Received Import Request.
  Time since last request: 0.003563 seconds.
  path: Assets/gmanager.cs
  artifactKey: Guid(2c39795e3f959f140bcabd1b36e5eeab) Importer(815301076,1909f56bfc062723c751e8b465ee728b)
Start importing Assets/gmanager.cs using Guid(2c39795e3f959f140bcabd1b36e5eeab) Importer(815301076,1909f56bfc062723c751e8b465ee728b)  -> (artifact id: '02e1bc47db3a4483f6a19c5701feb187') in 0.012227 seconds
  Import took 0.014797 seconds .

========================================================================
Received Import Request.
  Time since last request: 28.756653 seconds.
  path: Assets/gmanager.cs
  artifactKey: Guid(2c39795e3f959f140bcabd1b36e5eeab) Importer(815301076,1909f56bfc062723c751e8b465ee728b)
Start importing Assets/gmanager.cs using Guid(2c39795e3f959f140bcabd1b36e5eeab) Importer(815301076,1909f56bfc062723c751e8b465ee728b)  -> (artifact id: '8edffdf56cf905ed1756f4daa9286111') in 0.007588 seconds
  Import took 0.010289 seconds .

========================================================================
Received Import Request.
  Time since last request: 14.976037 seconds.
  path: Assets/gmanager.cs
  artifactKey: Guid(2c39795e3f959f140bcabd1b36e5eeab) Importer(815301076,1909f56bfc062723c751e8b465ee728b)
Start importing Assets/gmanager.cs using Guid(2c39795e3f959f140bcabd1b36e5eeab) Importer(815301076,1909f56bfc062723c751e8b465ee728b)  -> (artifact id: 'fc789d5207979a0d206c68dbdc58c03b') in 0.005810 seconds
  Import took 0.013217 seconds .

========================================================================
Received Import Request.
  Time since last request: 31.520824 seconds.
  path: Assets/gmanager.cs
  artifactKey: Guid(2c39795e3f959f140bcabd1b36e5eeab) Importer(815301076,1909f56bfc062723c751e8b465ee728b)
Start importing Assets/gmanager.cs using Guid(2c39795e3f959f140bcabd1b36e5eeab) Importer(815301076,1909f56bfc062723c751e8b465ee728b)  -> (artifact id: '4879d2a3bc86b675986a66a2110ec880') in 0.005066 seconds
  Import took 0.012623 seconds .

========================================================================
Received Import Request.
  Time since last request: 170.727878 seconds.
  path: Assets/gmanager.cs
  artifactKey: Guid(2c39795e3f959f140bcabd1b36e5eeab) Importer(815301076,1909f56bfc062723c751e8b465ee728b)
Start importing Assets/gmanager.cs using Guid(2c39795e3f959f140bcabd1b36e5eeab) Importer(815301076,1909f56bfc062723c751e8b465ee728b)  -> (artifact id: 'bcee789201e731c62b8e4c8a7173fd14') in 0.009972 seconds
  Import took 0.012583 seconds .

========================================================================
Received Import Request.
  Time since last request: 2862.251243 seconds.
  path: Assets/Course Library/_Source_Files/FBX/Ball_8Ball.fbx
  artifactKey: Guid(4f58056fda9cf524ea52df48785846d9) Importer(815301076,1909f56bfc062723c751e8b465ee728b)
Start importing Assets/Course Library/_Source_Files/FBX/Ball_8Ball.fbx using Guid(4f58056fda9cf524ea52df48785846d9) Importer(815301076,1909f56bfc062723c751e8b465ee728b)  -> (artifact id: '68dafe59a2def91ef0c7b9c7f7a9e716') in 0.218329 seconds
  Import took 0.221264 seconds .

========================================================================
Received Import Request.
  Time since last request: 0.000371 seconds.
  path: Assets/Course Library/_Source_Files/FBX/Ball_8Ball.fbx
  artifactKey: Guid(4f58056fda9cf524ea52df48785846d9) Importer(815301076,1909f56bfc062723c751e8b465ee728b)
Start importing Assets/Course Library/_Source_Files/FBX/Ball_8Ball.fbx using Guid(4f58056fda9cf524ea52df48785846d9) Importer(815301076,1909f56bfc062723c751e8b465ee728b)  -> (artifact id: '68dafe59a2def91ef0c7b9c7f7a9e716') in 0.016769 seconds
  Import took 0.019885 seconds .

========================================================================
Received Import Request.
  Time since last request: 4.292240 seconds.
  path: Assets/Course Library/_Source_Files/FBX/Ball_Beachball.fbx
  artifactKey: Guid(24b9f0d9f28c60c44b9cc3b309700d3e) Importer(815301076,1909f56bfc062723c751e8b465ee728b)
Start importing Assets/Course Library/_Source_Files/FBX/Ball_Beachball.fbx using Guid(24b9f0d9f28c60c44b9cc3b309700d3e) Importer(815301076,1909f56bfc062723c751e8b465ee728b)  -> (artifact id: '217f6fe9784152ed2b29114508538902') in 0.025442 seconds
  Import took 0.027819 seconds .

========================================================================
Received Import Request.
  Time since last request: 0.476754 seconds.
  path: Assets/Course Library/_Source_Files/FBX/Ball_Cricket.fbx
  artifactKey: Guid(0809ffbe01df7be48825f622dc36e370) Importer(815301076,1909f56bfc062723c751e8b465ee728b)
Start importing Assets/Course Library/_Source_Files/FBX/Ball_Cricket.fbx using Guid(0809ffbe01df7be48825f622dc36e370) Importer(815301076,1909f56bfc062723c751e8b465ee728b)  -> (artifact id: '2def399f3e8c94233cfc91c4bdcd4099') in 0.024426 seconds
  Import took 0.027885 seconds .

========================================================================
Received Import Request.
  Time since last request: 0.380722 seconds.
  path: Assets/Course Library/_Source_Files/FBX/Ball_Eye.fbx
  artifactKey: Guid(9279821004574e44d857d87b14b3f4b3) Importer(815301076,1909f56bfc062723c751e8b465ee728b)
Start importing Assets/Course Library/_Source_Files/FBX/Ball_Eye.fbx using Guid(9279821004574e44d857d87b14b3f4b3) Importer(815301076,1909f56bfc062723c751e8b465ee728b)  -> (artifact id: '082b17732dc8829f4fbf55578fc3069b') in 0.025850 seconds
  Import took 0.028483 seconds .

========================================================================
Received Import Request.
  Time since last request: 0.000323 seconds.
  path: Assets/Course Library/_Source_Files/FBX/Ball_Nuclear.fbx
  artifactKey: Guid(06e5d0bec391fce41ba27efebe344bec) Importer(815301076,1909f56bfc062723c751e8b465ee728b)
Start importing Assets/Course Library/_Source_Files/FBX/Ball_Nuclear.fbx using Guid(06e5d0bec391fce41ba27efebe344bec) Importer(815301076,1909f56bfc062723c751e8b465ee728b)  -> (artifact id: '2e5f0c6c93a8638e60e82df50f348e56') in 0.019769 seconds
  Import took 0.021813 seconds .

========================================================================
Received Import Request.
  Time since last request: 0.457041 seconds.
  path: Assets/Course Library/Fonts/Baloo_Chettan/BalooChettan-Regular.ttf
  artifactKey: Guid(1de092811748445db9e4b7597a8204d1) Importer(815301076,1909f56bfc062723c751e8b465ee728b)
Start importing Assets/Course Library/Fonts/Baloo_Chettan/BalooChettan-Regular.ttf using Guid(1de092811748445db9e4b7597a8204d1) Importer(815301076,1909f56bfc062723c751e8b465ee728b)  -> (artifact id: '1c9c9e17abb84549e391c1ded1295739') in 0.017229 seconds
  Import took 0.019762 seconds .

========================================================================
Received Import Request.
  Time since last request: 0.291017 seconds.
  path: Assets/Course Library/Fonts/Baloo_Chettan/BalooChettan-Regular SDF.asset
  artifactKey: Guid(31706cb8c8e1e4d99bb4d0a39c952ca2) Importer(815301076,1909f56bfc062723c751e8b465ee728b)
Start importing Assets/Course Library/Fonts/Baloo_Chettan/BalooChettan-Regular SDF.asset using Guid(31706cb8c8e1e4d99bb4d0a39c952ca2) Importer(815301076,1909f56bfc062723c751e8b465ee728b)  -> (artifact id: 'ae933350a2a121380087512dd4a36b95') in 0.059969 seconds
  Import took 0.063209 seconds .

========================================================================
Received Import Request.
  Time since last request: 2.506969 seconds.
  path: Assets/TextMesh Pro/Resources/Style Sheets/Default Style Sheet.asset
  artifactKey: Guid(f952c082cb03451daed3ee968ac6c63e) Importer(815301076,1909f56bfc062723c751e8b465ee728b)
Start importing Assets/TextMesh Pro/Resources/Style Sheets/Default Style Sheet.asset using Guid(f952c082cb03451daed3ee968ac6c63e) Importer(815301076,1909f56bfc062723c751e8b465ee728b)  -> (artifact id: '1ab2fac3a74f58ece5f19f2fbd84b417') in 0.008811 seconds
  Import took 0.011279 seconds .

========================================================================
Received Import Request.
  Time since last request: 0.287545 seconds.
  path: Assets/Course Library/_Source_Files/Textures/Emissive_01.png
  artifactKey: Guid(ed8c76cfaa7f4f04da86bd288543e61c) Importer(815301076,1909f56bfc062723c751e8b465ee728b)
Start importing Assets/Course Library/_Source_Files/Textures/Emissive_01.png using Guid(ed8c76cfaa7f4f04da86bd288543e61c) Importer(815301076,1909f56bfc062723c751e8b465ee728b)  -> (artifact id: '35ca83889e2436a999d96b832c098263') in 0.050093 seconds
  Import took 0.053106 seconds .

========================================================================
Received Import Request.
  Time since last request: 0.000261 seconds.
  path: Assets/TextMesh Pro/Sprites/EmojiOne.png
  artifactKey: Guid(dffef66376be4fa480fb02b19edbe903) Importer(815301076,1909f56bfc062723c751e8b465ee728b)
Start importing Assets/TextMesh Pro/Sprites/EmojiOne.png using Guid(dffef66376be4fa480fb02b19edbe903) Importer(815301076,1909f56bfc062723c751e8b465ee728b)  -> (artifact id: '1a32505b80184763f07d944544d337f6') in 0.016326 seconds
  Import took 0.018924 seconds .

========================================================================
Received Import Request.
  Time since last request: 0.000386 seconds.
  path: Assets/TextMesh Pro/Resources/Sprite Assets/EmojiOne.asset
  artifactKey: Guid(c41005c129ba4d66911b75229fd70b45) Importer(815301076,1909f56bfc062723c751e8b465ee728b)
Start importing Assets/TextMesh Pro/Resources/Sprite Assets/EmojiOne.asset using Guid(c41005c129ba4d66911b75229fd70b45) Importer(815301076,1909f56bfc062723c751e8b465ee728b)  -> (artifact id: '9b7bceec0065701935132439e710f0e8') in 0.014092 seconds
  Import took 0.016558 seconds .

========================================================================
Received Import Request.
  Time since last request: 0.183520 seconds.
  path: Assets/Course Library/Fonts/Exo_2/Exo2-Black.ttf
  artifactKey: Guid(90adcf7050c104cb0aa8fd30a2e49191) Importer(815301076,1909f56bfc062723c751e8b465ee728b)
Start importing Assets/Course Library/Fonts/Exo_2/Exo2-Black.ttf using Guid(90adcf7050c104cb0aa8fd30a2e49191) Importer(815301076,1909f56bfc062723c751e8b465ee728b)  -> (artifact id: '95bdf696c03af50e52626e48a23543fa') in 0.023179 seconds
  Import took 0.026561 seconds .

========================================================================
Received Import Request.
  Time since last request: 0.000299 seconds.
  path: Assets/Course Library/Fonts/Exo_2/Exo2-BlackItalic.ttf
  artifactKey: Guid(68916e4daa1d34344adef559f22fcf2b) Importer(815301076,1909f56bfc062723c751e8b465ee728b)
Start importing Assets/Course Library/Fonts/Exo_2/Exo2-BlackItalic.ttf using Guid(68916e4daa1d34344adef559f22fcf2b) Importer(815301076,1909f56bfc062723c751e8b465ee728b)  -> (artifact id: '15c190a3d80004c454606ca5b4fc1d15') in 0.017397 seconds
  Import took 0.020152 seconds .

========================================================================
Received Import Request.
  Time since last request: 0.037072 seconds.
  path: Assets/Course Library/Fonts/Exo_2/Exo2-Bold.ttf
  artifactKey: Guid(adcd00801f52c472c9b3615a7750a527) Importer(815301076,1909f56bfc062723c751e8b465ee728b)
Start importing Assets/Course Library/Fonts/Exo_2/Exo2-Bold.ttf using Guid(adcd00801f52c472c9b3615a7750a527) Importer(815301076,1909f56bfc062723c751e8b465ee728b)  -> (artifact id: 'c8f63373d20a152b07212bf6e007b618') in 0.024917 seconds
  Import took 0.027255 seconds .

========================================================================
Received Import Request.
  Time since last request: 0.000342 seconds.
  path: Assets/Course Library/Fonts/Exo_2/Exo2-ExtraLightItalic.ttf
  artifactKey: Guid(9e358774b8511446d90a622491036bf9) Importer(815301076,1909f56bfc062723c751e8b465ee728b)
Start importing Assets/Course Library/Fonts/Exo_2/Exo2-ExtraLightItalic.ttf using Guid(9e358774b8511446d90a622491036bf9) Importer(815301076,1909f56bfc062723c751e8b465ee728b)  -> (artifact id: 'ce18e00a98bb3dc2f22aa4867559df29') in 0.022766 seconds
  Import took 0.025490 seconds .

========================================================================
Received Import Request.
  Time since last request: 0.000336 seconds.
  path: Assets/Course Library/Fonts/Exo_2/Exo2-ExtraLight.ttf
  artifactKey: Guid(cbc1ad4e29ed647f78246ef482e0257d) Importer(815301076,1909f56bfc062723c751e8b465ee728b)
Start importing Assets/Course Library/Fonts/Exo_2/Exo2-ExtraLight.ttf using Guid(cbc1ad4e29ed647f78246ef482e0257d) Importer(815301076,1909f56bfc062723c751e8b465ee728b)  -> (artifact id: 'b56ce714cfae40fbe06cea60e273b0d4') in 0.044090 seconds
  Import took 0.047129 seconds .

========================================================================
Received Import Request.
  Time since last request: 0.000351 seconds.
  path: Assets/Course Library/Fonts/Exo_2/Exo2-BoldItalic.ttf
  artifactKey: Guid(469c60c6a518d45998bad6aef256137b) Importer(815301076,1909f56bfc062723c751e8b465ee728b)
Start importing Assets/Course Library/Fonts/Exo_2/Exo2-BoldItalic.ttf using Guid(469c60c6a518d45998bad6aef256137b) Importer(815301076,1909f56bfc062723c751e8b465ee728b)  -> (artifact id: 'f8da55fcf0615c506a36ed467a7dbe10') in 0.036027 seconds
  Import took 0.038624 seconds .

========================================================================
Received Import Request.
  Time since last request: 0.000330 seconds.
  path: Assets/Course Library/Fonts/Exo_2/Exo2-ExtraBoldItalic.ttf
  artifactKey: Guid(ad3f5403e751f4b52afb38e1ac599222) Importer(815301076,1909f56bfc062723c751e8b465ee728b)
Start importing Assets/Course Library/Fonts/Exo_2/Exo2-ExtraBoldItalic.ttf using Guid(ad3f5403e751f4b52afb38e1ac599222) Importer(815301076,1909f56bfc062723c751e8b465ee728b)  -> (artifact id: '7423dfd398be81fa66be748d8c2893c9') in 0.016349 seconds
  Import took 0.018864 seconds .

========================================================================
Received Import Request.
  Time since last request: 0.000280 seconds.
  path: Assets/Course Library/Fonts/Exo_2/Exo2-ExtraBold.ttf
  artifactKey: Guid(c63f048853a014829868fe9c11f00717) Importer(815301076,1909f56bfc062723c751e8b465ee728b)
Start importing Assets/Course Library/Fonts/Exo_2/Exo2-ExtraBold.ttf using Guid(c63f048853a014829868fe9c11f00717) Importer(815301076,1909f56bfc062723c751e8b465ee728b)  -> (artifact id: '4899ec35ac120246cc765e8b6c25cf0a') in 0.015548 seconds
  Import took 0.017660 seconds .

========================================================================
Received Import Request.
  Time since last request: 2.994895 seconds.
  path: Assets/Course Library/Fonts/Exo_2/Exo2-Italic.ttf
  artifactKey: Guid(2fe316b95071344fcb82c0a08cbd4e52) Importer(815301076,1909f56bfc062723c751e8b465ee728b)
Start importing Assets/Course Library/Fonts/Exo_2/Exo2-Italic.ttf using Guid(2fe316b95071344fcb82c0a08cbd4e52) Importer(815301076,1909f56bfc062723c751e8b465ee728b)  -> (artifact id: '0a450ca73d02a075d163cdecda7fb6f9') in 0.022394 seconds
  Import took 0.025335 seconds .

========================================================================
Received Import Request.
  Time since last request: 0.000284 seconds.
  path: Assets/Course Library/Fonts/Exo_2/Exo2-Medium.ttf
  artifactKey: Guid(2166c536fb3f3437a84ed2e583f883ef) Importer(815301076,1909f56bfc062723c751e8b465ee728b)
Start importing Assets/Course Library/Fonts/Exo_2/Exo2-Medium.ttf using Guid(2166c536fb3f3437a84ed2e583f883ef) Importer(815301076,1909f56bfc062723c751e8b465ee728b)  -> (artifact id: '45ba29cdda02527e52d55512facbac73') in 0.025492 seconds
  Import took 0.027904 seconds .

========================================================================
Received Import Request.
  Time since last request: 0.000293 seconds.
  path: Assets/Course Library/Fonts/Exo_2/Exo2-LightItalic.ttf
  artifactKey: Guid(d59e3c5d1247c45f0b70680dc868ed9d) Importer(815301076,1909f56bfc062723c751e8b465ee728b)
Start importing Assets/Course Library/Fonts/Exo_2/Exo2-LightItalic.ttf using Guid(d59e3c5d1247c45f0b70680dc868ed9d) Importer(815301076,1909f56bfc062723c751e8b465ee728b)  -> (artifact id: 'a5a9a49111723e5d057b4453ff8de166') in 0.021008 seconds
  Import took 0.023022 seconds .

========================================================================
Received Import Request.
  Time since last request: 0.000354 seconds.
  path: Assets/Course Library/Fonts/Exo_2/Exo2-Light.ttf
  artifactKey: Guid(b26e90a68ded1405f850d9355a62719d) Importer(815301076,1909f56bfc062723c751e8b465ee728b)
Start importing Assets/Course Library/Fonts/Exo_2/Exo2-Light.ttf using Guid(b26e90a68ded1405f850d9355a62719d) Importer(815301076,1909f56bfc062723c751e8b465ee728b)  -> (artifact id: '9cadcdf00aaab31d330a975f4f22ea38') in 0.016628 seconds
  Import took 0.018992 seconds .

========================================================================
Received Import Request.
  Time since last request: 0.011057 seconds.
  path: Assets/Course Library/Fonts/Exo_2/Exo2-LightItalic.ttf
  artifactKey: Guid(d59e3c5d1247c45f0b70680dc868ed9d) Importer(815301076,1909f56bfc062723c751e8b465ee728b)
Start importing Assets/Course Library/Fonts/Exo_2/Exo2-LightItalic.ttf using Guid(d59e3c5d1247c45f0b70680dc868ed9d) Importer(815301076,1909f56bfc062723c751e8b465ee728b)  -> (artifact id: 'a5a9a49111723e5d057b4453ff8de166') in 0.016247 seconds
  Import took 0.018448 seconds .

========================================================================
Received Import Request.
  Time since last request: 0.102038 seconds.
  path: Assets/Course Library/Fonts/Exo_2/Exo2-MediumItalic.ttf
  artifactKey: Guid(73c5c3792c4ec4d28816461c108c09ab) Importer(815301076,1909f56bfc062723c751e8b465ee728b)
Start importing Assets/Course Library/Fonts/Exo_2/Exo2-MediumItalic.ttf using Guid(73c5c3792c4ec4d28816461c108c09ab) Importer(815301076,1909f56bfc062723c751e8b465ee728b)  -> (artifact id: '04d11647dc88eab3e111e0bd9697f31d') in 0.014452 seconds
  Import took 0.016538 seconds .

========================================================================
Received Import Request.
  Time since last request: 0.000267 seconds.
  path: Assets/Course Library/Fonts/Exo_2/Exo2-SemiBold.ttf
  artifactKey: Guid(07a4ab9300a394dcc9813a7907f1edba) Importer(815301076,1909f56bfc062723c751e8b465ee728b)
Start importing Assets/Course Library/Fonts/Exo_2/Exo2-SemiBold.ttf using Guid(07a4ab9300a394dcc9813a7907f1edba) Importer(815301076,1909f56bfc062723c751e8b465ee728b)  -> (artifact id: 'ac4671eb150e58b09cc7b63f0d442162') in 0.015083 seconds
  Import took 0.017009 seconds .

========================================================================
Received Import Request.
  Time since last request: 0.000402 seconds.
  path: Assets/Course Library/Fonts/Exo_2/Exo2-SemiBold SDF.asset
  artifactKey: Guid(8887514be60924b0ba1319bd10d63d0f) Importer(815301076,1909f56bfc062723c751e8b465ee728b)
Start importing Assets/Course Library/Fonts/Exo_2/Exo2-SemiBold SDF.asset using Guid(8887514be60924b0ba1319bd10d63d0f) Importer(815301076,1909f56bfc062723c751e8b465ee728b)  -> (artifact id: '4e460e23f924f7e0c135f7a62aec8e32') in 0.026753 seconds
  Import took 0.029224 seconds .

========================================================================
Received Import Request.
  Time since last request: 0.000287 seconds.
  path: Assets/Course Library/Fonts/Exo_2/Exo2-Regular.ttf
  artifactKey: Guid(3a70ad0bbaee8473c80840c8766769c1) Importer(815301076,1909f56bfc062723c751e8b465ee728b)
Start importing Assets/Course Library/Fonts/Exo_2/Exo2-Regular.ttf using Guid(3a70ad0bbaee8473c80840c8766769c1) Importer(815301076,1909f56bfc062723c751e8b465ee728b)  -> (artifact id: '3f81661526233a32351e60ee3dcec82b') in 0.016821 seconds
  Import took 0.019495 seconds .

========================================================================
Received Import Request.
  Time since last request: 0.168360 seconds.
  path: Assets/Course Library/Fonts/Exo_2/Exo2-SemiBoldItalic.ttf
  artifactKey: Guid(c40fa27c60b3c426f8eac511b6401ab2) Importer(815301076,1909f56bfc062723c751e8b465ee728b)
Start importing Assets/Course Library/Fonts/Exo_2/Exo2-SemiBoldItalic.ttf using Guid(c40fa27c60b3c426f8eac511b6401ab2) Importer(815301076,1909f56bfc062723c751e8b465ee728b)  -> (artifact id: '55468bef30d36bf0c65c868ad7905a05') in 0.026708 seconds
  Import took 0.030274 seconds .

========================================================================
Received Import Request.
  Time since last request: 0.000295 seconds.
  path: Assets/Course Library/Fonts/Exo_2/Exo2-ThinItalic.ttf
  artifactKey: Guid(f5855be7b6497471792c0381959d03b4) Importer(815301076,1909f56bfc062723c751e8b465ee728b)
Start importing Assets/Course Library/Fonts/Exo_2/Exo2-ThinItalic.ttf using Guid(f5855be7b6497471792c0381959d03b4) Importer(815301076,1909f56bfc062723c751e8b465ee728b)  -> (artifact id: '29410387ff54a642b691ed428ab66e7e') in 0.014897 seconds
  Import took 0.017302 seconds .

========================================================================
Received Import Request.
  Time since last request: 0.000299 seconds.
  path: Assets/Course Library/Fonts/Exo_2/Exo2-Thin.ttf
  artifactKey: Guid(409f4048a2425400dbf8cf0fb9eb0f24) Importer(815301076,1909f56bfc062723c751e8b465ee728b)
Start importing Assets/Course Library/Fonts/Exo_2/Exo2-Thin.ttf using Guid(409f4048a2425400dbf8cf0fb9eb0f24) Importer(815301076,1909f56bfc062723c751e8b465ee728b)  -> (artifact id: 'dfa910939bd6d46566f718600a705241') in 0.016275 seconds
  Import took 0.019039 seconds .

========================================================================
Received Import Request.
  Time since last request: 6.176501 seconds.
  path: Assets/Course Library/Fonts/Oswald/Oswald-Regular SDF.asset
  artifactKey: Guid(570821af6fea44af1be9861c4a496950) Importer(815301076,1909f56bfc062723c751e8b465ee728b)
Start importing Assets/Course Library/Fonts/Oswald/Oswald-Regular SDF.asset using Guid(570821af6fea44af1be9861c4a496950) Importer(815301076,1909f56bfc062723c751e8b465ee728b)  -> (artifact id: '522b42513632e82baa3aeecb38142cf0') in 0.026818 seconds
  Import took 0.029575 seconds .

========================================================================
Received Import Request.
  Time since last request: 0.000316 seconds.
  path: Assets/Course Library/_Source_Files/Materials/PolygonCity_Texture_01_A.mat
  artifactKey: Guid(f846a97524f98f44bae9b13d72a2fc49) Importer(815301076,1909f56bfc062723c751e8b465ee728b)
Start importing Assets/Course Library/_Source_Files/Materials/PolygonCity_Texture_01_A.mat using Guid(f846a97524f98f44bae9b13d72a2fc49) Importer(815301076,1909f56bfc062723c751e8b465ee728b)  -> (artifact id: 'f6b0b98e7a438bbdff1973c8ea393458') in 0.028137 seconds
  Import took 0.030020 seconds .

========================================================================
Received Import Request.
  Time since last request: 0.000269 seconds.
  path: Assets/Course Library/_Source_Files/Textures/PolygonCity_Texture_01_A.png
  artifactKey: Guid(fbde5f73f39181f4d9c7e24c34f0bdf8) Importer(815301076,1909f56bfc062723c751e8b465ee728b)
Start importing Assets/Course Library/_Source_Files/Textures/PolygonCity_Texture_01_A.png using Guid(fbde5f73f39181f4d9c7e24c34f0bdf8) Importer(815301076,1909f56bfc062723c751e8b465ee728b)  -> (artifact id: 'f905c2a50609902fc42afd2870c34e03') in 0.019249 seconds
  Import took 0.022107 seconds .

========================================================================
Received Import Request.
  Time since last request: 0.000331 seconds.
  path: Assets/Course Library/_Source_Files/Textures/PolygonCity_Texture_Normal.png
  artifactKey: Guid(b993ae890161b184188e417d77e0e1a3) Importer(815301076,1909f56bfc062723c751e8b465ee728b)
Start importing Assets/Course Library/_Source_Files/Textures/PolygonCity_Texture_Normal.png using Guid(b993ae890161b184188e417d77e0e1a3) Importer(815301076,1909f56bfc062723c751e8b465ee728b)  -> (artifact id: 'f325aa70165157a8321e9df92dcab959') in 0.043556 seconds
  Import took 0.045883 seconds .

========================================================================
Received Import Request.
  Time since last request: 0.000376 seconds.
  path: Assets/Course Library/_Source_Files/Textures/PolygonCity_Texture_Metallic.tga
  artifactKey: Guid(2da74f2130b2ca74faacbcaaa83c5a44) Importer(815301076,1909f56bfc062723c751e8b465ee728b)
Start importing Assets/Course Library/_Source_Files/Textures/PolygonCity_Texture_Metallic.tga using Guid(2da74f2130b2ca74faacbcaaa83c5a44) Importer(815301076,1909f56bfc062723c751e8b465ee728b)  -> (artifact id: '58abe769bbc598ba54db5f5964842142') in 0.019303 seconds
  Import took 0.021753 seconds .

========================================================================
Received Import Request.
  Time since last request: 0.000317 seconds.
  path: Assets/Course Library/_Source_Files/Textures/PolygonPrototype_Texture_01.png
  artifactKey: Guid(86cb957541c7c8542a6306ffb82e6833) Importer(815301076,1909f56bfc062723c751e8b465ee728b)
Start importing Assets/Course Library/_Source_Files/Textures/PolygonPrototype_Texture_01.png using Guid(86cb957541c7c8542a6306ffb82e6833) Importer(815301076,1909f56bfc062723c751e8b465ee728b)  -> (artifact id: '2adcbf200cc4f5073398e4ad38f75d91') in 0.019280 seconds
  Import took 0.021813 seconds .

========================================================================
Received Import Request.
  Time since last request: 0.000286 seconds.
  path: Assets/Course Library/_Source_Files/Materials/PolygonCity_Mat_01_A.mat
  artifactKey: Guid(62e25ef75a2216f418d06453c9ad15cb) Importer(815301076,1909f56bfc062723c751e8b465ee728b)
Start importing Assets/Course Library/_Source_Files/Materials/PolygonCity_Mat_01_A.mat using Guid(62e25ef75a2216f418d06453c9ad15cb) Importer(815301076,1909f56bfc062723c751e8b465ee728b)  -> (artifact id: '8870cf4c0de949137707ef3534f84ea3') in 0.030515 seconds
  Import took 0.033380 seconds .

========================================================================
Received Import Request.
  Time since last request: 0.981074 seconds.
  path: Assets/Course Library/Fonts/Margarine/Margarine-Regular SDF.asset
  artifactKey: Guid(ff9dfb9dcfa9b451da0749c3d2b449a9) Importer(815301076,1909f56bfc062723c751e8b465ee728b)
Start importing Assets/Course Library/Fonts/Margarine/Margarine-Regular SDF.asset using Guid(ff9dfb9dcfa9b451da0749c3d2b449a9) Importer(815301076,1909f56bfc062723c751e8b465ee728b)  -> (artifact id: '4da869f3838a9124d756c6975e0f1c48') in 0.024924 seconds
  Import took 0.027540 seconds .

========================================================================
Received Import Request.
  Time since last request: 0.191128 seconds.
  path: Assets/Course Library/Fonts/Margarine/Margarine-Regular.ttf
  artifactKey: Guid(32de974c3db9e4756969d3fd9309e8e4) Importer(815301076,1909f56bfc062723c751e8b465ee728b)
Start importing Assets/Course Library/Fonts/Margarine/Margarine-Regular.ttf using Guid(32de974c3db9e4756969d3fd9309e8e4) Importer(815301076,1909f56bfc062723c751e8b465ee728b)  -> (artifact id: '038ece5cf3eb1874dc45dec676eb0e67') in 0.020379 seconds
  Import took 0.022955 seconds .

========================================================================
Received Import Request.
  Time since last request: 0.033407 seconds.
  path: Assets/Course Library/_Source_Files/FBX/Items_EnergyCan_01.fbx
  artifactKey: Guid(6b10d5dd38b22314f932fba49fc26253) Importer(815301076,1909f56bfc062723c751e8b465ee728b)
Start importing Assets/Course Library/_Source_Files/FBX/Items_EnergyCan_01.fbx using Guid(6b10d5dd38b22314f932fba49fc26253) Importer(815301076,1909f56bfc062723c751e8b465ee728b)  -> (artifact id: '92dc42ecf406481ba06f4714e1bbf9ca') in 0.019844 seconds
  Import took 0.022690 seconds .

========================================================================
Received Import Request.
  Time since last request: 352.366554 seconds.
  path: Assets/Course Library/Props/Food/Food_Wine_01.prefab
  artifactKey: Guid(ca03aa5ab3af9f147aa60e7b8d131fe3) Importer(815301076,1909f56bfc062723c751e8b465ee728b)
Start importing Assets/Course Library/Props/Food/Food_Wine_01.prefab using Guid(ca03aa5ab3af9f147aa60e7b8d131fe3) Importer(815301076,1909f56bfc062723c751e8b465ee728b)  -> (artifact id: '9b06a9530b275200432eeb3c944d83c4') in 0.038487 seconds
  Import took 0.041247 seconds .

========================================================================
Received Import Request.
  Time since last request: 0.000306 seconds.
  path: Assets/Course Library/Fonts/Indie_Flower/IndieFlower SDF.asset
  artifactKey: Guid(8abe1e37fe7bf433896970245b936749) Importer(815301076,1909f56bfc062723c751e8b465ee728b)
Start importing Assets/Course Library/Fonts/Indie_Flower/IndieFlower SDF.asset using Guid(8abe1e37fe7bf433896970245b936749) Importer(815301076,1909f56bfc062723c751e8b465ee728b)  -> (artifact id: 'a69d7304ef2f8a6f50df69937c1a9b55') in 0.041086 seconds
  Import took 0.043429 seconds .

========================================================================
Received Import Request.
  Time since last request: 0.000290 seconds.
  path: Assets/Course Library/Fonts/Indie_Flower/IndieFlower.ttf
  artifactKey: Guid(1e2dedf0209f94b3a970377b23a013a9) Importer(815301076,1909f56bfc062723c751e8b465ee728b)
Start importing Assets/Course Library/Fonts/Indie_Flower/IndieFlower.ttf using Guid(1e2dedf0209f94b3a970377b23a013a9) Importer(815301076,1909f56bfc062723c751e8b465ee728b)  -> (artifact id: '2ff9fb7716de8169ddaec288a3a61228') in 0.017872 seconds
  Import took 0.019926 seconds .

========================================================================
Received Import Request.
  Time since last request: 0.000334 seconds.
  path: Assets/Course Library/_Source_Files/SimpleFX/Materials/FX_Base.mat
  artifactKey: Guid(a0cec58fc32f482418596ffdf7c0d693) Importer(815301076,1909f56bfc062723c751e8b465ee728b)
Start importing Assets/Course Library/_Source_Files/SimpleFX/Materials/FX_Base.mat using Guid(a0cec58fc32f482418596ffdf7c0d693) Importer(815301076,1909f56bfc062723c751e8b465ee728b)  -> (artifact id: '7305cb49fd565c5868f1b9fffe587828') in 0.014900 seconds
  Import took 0.017176 seconds .

========================================================================
Received Import Request.
  Time since last request: 0.000322 seconds.
  path: Assets/Course Library/Props/Food/Food_Wine_01.prefab
  artifactKey: Guid(ca03aa5ab3af9f147aa60e7b8d131fe3) Importer(815301076,1909f56bfc062723c751e8b465ee728b)
Start importing Assets/Course Library/Props/Food/Food_Wine_01.prefab using Guid(ca03aa5ab3af9f147aa60e7b8d131fe3) Importer(815301076,1909f56bfc062723c751e8b465ee728b)  -> (artifact id: '9b06a9530b275200432eeb3c944d83c4') in 0.017379 seconds
  Import took 0.019525 seconds .

========================================================================
Received Import Request.
  Time since last request: 0.000319 seconds.
  path: Assets/Course Library/Fonts/Indie_Flower/IndieFlower.ttf
  artifactKey: Guid(1e2dedf0209f94b3a970377b23a013a9) Importer(815301076,1909f56bfc062723c751e8b465ee728b)
Start importing Assets/Course Library/Fonts/Indie_Flower/IndieFlower.ttf using Guid(1e2dedf0209f94b3a970377b23a013a9) Importer(815301076,1909f56bfc062723c751e8b465ee728b)  -> (artifact id: '2ff9fb7716de8169ddaec288a3a61228') in 0.015981 seconds
  Import took 0.018040 seconds .

========================================================================
Received Prepare
Registering precompiled user dll's ...
Registered in 0.001613 seconds.
Begin MonoManager ReloadAssembly
Native extension for WindowsStandalone target not found
Refreshing native plugins compatible for Editor in 0.28 ms, found 0 plugins.
Preloading 0 native plugins for Editor in 0.00 ms.
Invoked RoslynAnalysisRunner static constructor.
RoslynAnalysisRunner will not be running.
RoslynAnalysisRunner has terminated.
Mono: successfully reloaded assembly
- Completed reload, in  0.915 seconds
Platform modules already initialized, skipping
Refreshing native plugins compatible for Editor in 0.24 ms, found 0 plugins.
Preloading 0 native plugins for Editor in 0.00 ms.
Unloading 1113 Unused Serialized files (Serialized files now loaded: 0)
System memory in use before: 61.8 MB.
System memory in use after: 61.9 MB.

Unloading 6 unused Assets to reduce memory usage. Loaded Objects now: 1628.
Total: 2.551700 ms (FindLiveObjects: 0.266800 ms CreateObjectMapping: 0.090400 ms MarkObjects: 2.132100 ms  DeleteObjects: 0.060400 ms)

========================================================================
Received Prepare
Registering precompiled user dll's ...
Registered in 0.001457 seconds.
Begin MonoManager ReloadAssembly
Native extension for WindowsStandalone target not found
Refreshing native plugins compatible for Editor in 0.26 ms, found 0 plugins.
Preloading 0 native plugins for Editor in 0.00 ms.
Invoked RoslynAnalysisRunner static constructor.
RoslynAnalysisRunner will not be running.
RoslynAnalysisRunner has terminated.
Mono: successfully reloaded assembly
- Completed reload, in  0.897 seconds
Platform modules already initialized, skipping
Refreshing native plugins compatible for Editor in 0.26 ms, found 0 plugins.
Preloading 0 native plugins for Editor in 0.00 ms.
Unloading 1113 Unused Serialized files (Serialized files now loaded: 0)
System memory in use before: 61.9 MB.
System memory in use after: 61.9 MB.

Unloading 5 unused Assets to reduce memory usage. Loaded Objects now: 1631.
Total: 2.227400 ms (FindLiveObjects: 0.360500 ms CreateObjectMapping: 0.128200 ms MarkObjects: 1.657500 ms  DeleteObjects: 0.079600 ms)

========================================================================
Received Prepare
Registering precompiled user dll's ...
Registered in 0.001686 seconds.
Begin MonoManager ReloadAssembly
Native extension for WindowsStandalone target not found
Refreshing native plugins compatible for Editor in 0.27 ms, found 0 plugins.
Preloading 0 native plugins for Editor in 0.00 ms.
Invoked RoslynAnalysisRunner static constructor.
RoslynAnalysisRunner will not be running.
RoslynAnalysisRunner has terminated.
Mono: successfully reloaded assembly
- Completed reload, in  1.302 seconds
Platform modules already initialized, skipping
Refreshing native plugins compatible for Editor in 0.30 ms, found 0 plugins.
Preloading 0 native plugins for Editor in 0.00 ms.
Unloading 1113 Unused Serialized files (Serialized files now loaded: 0)
System memory in use before: 61.9 MB.
System memory in use after: 62.0 MB.

Unloading 5 unused Assets to reduce memory usage. Loaded Objects now: 1634.
Total: 2.240000 ms (FindLiveObjects: 0.316100 ms CreateObjectMapping: 0.108800 ms MarkObjects: 1.755600 ms  DeleteObjects: 0.057600 ms)

========================================================================
Received Import Request.
  Time since last request: 325.280976 seconds.
  path: Assets/gmanager.cs
  artifactKey: Guid(2c39795e3f959f140bcabd1b36e5eeab) Importer(815301076,1909f56bfc062723c751e8b465ee728b)
Start importing Assets/gmanager.cs using Guid(2c39795e3f959f140bcabd1b36e5eeab) Importer(815301076,1909f56bfc062723c751e8b465ee728b)  -> (artifact id: 'ecc8263d3e279028e4b31511c2870d4f') in 0.008346 seconds
  Import took 0.011631 seconds .

========================================================================
Received Import Request.
  Time since last request: 0.000578 seconds.
  path: Assets/gmanager.cs
  artifactKey: Guid(2c39795e3f959f140bcabd1b36e5eeab) Importer(815301076,1909f56bfc062723c751e8b465ee728b)
Start importing Assets/gmanager.cs using Guid(2c39795e3f959f140bcabd1b36e5eeab) Importer(815301076,1909f56bfc062723c751e8b465ee728b)  -> (artifact id: 'ecc8263d3e279028e4b31511c2870d4f') in 0.004831 seconds
  Import took 0.007414 seconds .

========================================================================
Received Import Request.
  Time since last request: 49.491492 seconds.
  path: Assets/gmanager.cs
  artifactKey: Guid(2c39795e3f959f140bcabd1b36e5eeab) Importer(815301076,1909f56bfc062723c751e8b465ee728b)
Start importing Assets/gmanager.cs using Guid(2c39795e3f959f140bcabd1b36e5eeab) Importer(815301076,1909f56bfc062723c751e8b465ee728b)  -> (artifact id: '5ba6ee1f09678f20f78f70c2450b8579') in 0.010347 seconds
  Import took 0.013499 seconds .

========================================================================
Received Import Request.
  Time since last request: 0.006216 seconds.
  path: Assets/gmanager.cs
  artifactKey: Guid(2c39795e3f959f140bcabd1b36e5eeab) Importer(815301076,1909f56bfc062723c751e8b465ee728b)
Start importing Assets/gmanager.cs using Guid(2c39795e3f959f140bcabd1b36e5eeab) Importer(815301076,1909f56bfc062723c751e8b465ee728b)  -> (artifact id: '5ba6ee1f09678f20f78f70c2450b8579') in 0.005897 seconds
  Import took 0.008130 seconds .

========================================================================
Received Prepare
Registering precompiled user dll's ...
Registered in 0.001400 seconds.
Begin MonoManager ReloadAssembly
Native extension for WindowsStandalone target not found
Refreshing native plugins compatible for Editor in 0.32 ms, found 0 plugins.
Preloading 0 native plugins for Editor in 0.00 ms.
Invoked RoslynAnalysisRunner static constructor.
RoslynAnalysisRunner will not be running.
RoslynAnalysisRunner has terminated.
Mono: successfully reloaded assembly
- Completed reload, in  0.861 seconds
Platform modules already initialized, skipping
Refreshing native plugins compatible for Editor in 0.22 ms, found 0 plugins.
Preloading 0 native plugins for Editor in 0.00 ms.
Unloading 1113 Unused Serialized files (Serialized files now loaded: 0)
System memory in use before: 61.9 MB.
System memory in use after: 62.0 MB.

Unloading 5 unused Assets to reduce memory usage. Loaded Objects now: 1637.
Total: 1.801700 ms (FindLiveObjects: 0.169700 ms CreateObjectMapping: 0.068300 ms MarkObjects: 1.482800 ms  DeleteObjects: 0.080000 ms)

========================================================================
Received Import Request.
  Time since last request: 43.027917 seconds.
  path: Assets/gmanager.cs
  artifactKey: Guid(2c39795e3f959f140bcabd1b36e5eeab) Importer(815301076,1909f56bfc062723c751e8b465ee728b)
Start importing Assets/gmanager.cs using Guid(2c39795e3f959f140bcabd1b36e5eeab) Importer(815301076,1909f56bfc062723c751e8b465ee728b)  -> (artifact id: 'ecf0566544e38617c7393c612a595503') in 0.007706 seconds
  Import took 0.009931 seconds .

========================================================================
Received Prepare
Registering precompiled user dll's ...
Registered in 0.001395 seconds.
Begin MonoManager ReloadAssembly
Native extension for WindowsStandalone target not found
Refreshing native plugins compatible for Editor in 0.27 ms, found 0 plugins.
Preloading 0 native plugins for Editor in 0.00 ms.
Invoked RoslynAnalysisRunner static constructor.
RoslynAnalysisRunner will not be running.
RoslynAnalysisRunner has terminated.
Mono: successfully reloaded assembly
- Completed reload, in  0.852 seconds
Platform modules already initialized, skipping
Refreshing native plugins compatible for Editor in 0.23 ms, found 0 plugins.
Preloading 0 native plugins for Editor in 0.00 ms.
Unloading 1113 Unused Serialized files (Serialized files now loaded: 0)
System memory in use before: 61.9 MB.
System memory in use after: 62.0 MB.

Unloading 5 unused Assets to reduce memory usage. Loaded Objects now: 1640.
Total: 2.134200 ms (FindLiveObjects: 0.183100 ms CreateObjectMapping: 0.029800 ms MarkObjects: 1.819000 ms  DeleteObjects: 0.100700 ms)

AssetImportWorkerClient::OnTransportError - code=2 error=End of file
